<?xml version="1.0" encoding="UTF-8"?>
<coverage generated="1454819267">
  <project timestamp="1454819267">
    <package name="Pyjac\UrbanDictionary">
      <file name="/Users/bendozy/Desktop/UrbanDictionary/src/UrbanDictionaryDataBank.php">
        <class name="UrbanDictionaryDataBank" namespace="Pyjac\UrbanDictionary">
          <metrics methods="0" coveredmethods="0" conditionals="0" coveredconditionals="0" statements="0" coveredstatements="0" elements="0" coveredelements="0"/>
        </class>
        <metrics loc="32" ncloc="27" classes="1" methods="0" coveredmethods="0" conditionals="0" coveredconditionals="0" statements="0" coveredstatements="0" elements="0" coveredelements="0"/>
      </file>
      <file name="/Users/bendozy/Desktop/UrbanDictionary/src/UrbanWord.php">
        <class name="UrbanWord" namespace="Pyjac\UrbanDictionary">
          <metrics methods="9" coveredmethods="9" conditionals="0" coveredconditionals="0" statements="21" coveredstatements="21" elements="30" coveredelements="30"/>
        </class>
        <line num="35" type="method" name="__construct" crap="1" count="28"/>
        <line num="37" type="stmt" count="28"/>
        <line num="38" type="stmt" count="28"/>
        <line num="39" type="stmt" count="28"/>
        <line num="40" type="stmt" count="28"/>
        <line num="47" type="method" name="getSlang" crap="1" count="15"/>
        <line num="49" type="stmt" count="15"/>
        <line num="57" type="method" name="setSlang" crap="1" count="2"/>
        <line num="59" type="stmt" count="2"/>
        <line num="60" type="stmt" count="2"/>
        <line num="67" type="method" name="getDescription" crap="1" count="2"/>
        <line num="69" type="stmt" count="2"/>
        <line num="77" type="method" name="setDescription" crap="1" count="2"/>
        <line num="79" type="stmt" count="2"/>
        <line num="80" type="stmt" count="2"/>
        <line num="87" type="method" name="getSampleSentence" crap="1" count="2"/>
        <line num="89" type="stmt" count="2"/>
        <line num="97" type="method" name="setSampleSentence" crap="1" count="2"/>
        <line num="99" type="stmt" count="2"/>
        <line num="100" type="stmt" count="2"/>
        <line num="109" type="method" name="equals" crap="4" count="2"/>
        <line num="111" type="stmt" count="2"/>
        <line num="112" type="stmt" count="2"/>
        <line num="113" type="stmt" count="2"/>
        <line num="114" type="stmt" count="2"/>
        <line num="122" type="method" name="toArray" crap="1" count="23"/>
        <line num="124" type="stmt" count="23"/>
        <line num="125" type="stmt" count="23"/>
        <line num="126" type="stmt" count="23"/>
        <line num="128" type="stmt" count="23"/>
        <metrics loc="130" ncloc="66" classes="1" methods="9" coveredmethods="9" conditionals="0" coveredconditionals="0" statements="21" coveredstatements="21" elements="30" coveredelements="30"/>
      </file>
      <file name="/Users/bendozy/Desktop/UrbanDictionary/src/UrbanWordsDictionary.php">
        <class name="UrbanWordsDictionary" namespace="Pyjac\UrbanDictionary">
          <metrics methods="9" coveredmethods="8" conditionals="0" coveredconditionals="0" statements="68" coveredstatements="45" elements="77" coveredelements="53"/>
        </class>
        <line num="25" type="method" name="__construct" crap="1" count="39"/>
        <line num="27" type="stmt" count="39"/>
        <line num="28" type="stmt" count="39"/>
        <line num="29" type="stmt" count="39"/>
        <line num="40" type="method" name="add" crap="1" count="22"/>
        <line num="42" type="stmt" count="22"/>
        <line num="43" type="stmt" count="22"/>
        <line num="45" type="stmt" count="22"/>
        <line num="55" type="method" name="urbanWordExist" crap="1" count="23"/>
        <line num="57" type="stmt" count="23"/>
        <line num="73" type="method" name="addWord" crap="9" count="37"/>
        <line num="75" type="stmt" count="37"/>
        <line num="76" type="stmt" count="37"/>
        <line num="78" type="stmt" count="37"/>
        <line num="79" type="stmt" count="3"/>
        <line num="80" type="stmt" count="3"/>
        <line num="81" type="stmt" count="37"/>
        <line num="82" type="stmt" count="12"/>
        <line num="83" type="stmt" count="12"/>
        <line num="84" type="stmt" count="34"/>
        <line num="85" type="stmt" count="7"/>
        <line num="86" type="stmt" count="7"/>
        <line num="87" type="stmt" count="7"/>
        <line num="88" type="stmt" count="15"/>
        <line num="91" type="stmt" count="22"/>
        <line num="92" type="stmt" count="6"/>
        <line num="95" type="stmt" count="22"/>
        <line num="109" type="method" name="updateWord" crap="57.07" count="7"/>
        <line num="111" type="stmt" count="7"/>
        <line num="112" type="stmt" count="4"/>
        <line num="115" type="stmt" count="3"/>
        <line num="116" type="stmt" count="3"/>
        <line num="117" type="stmt" count="2"/>
        <line num="118" type="stmt" count="0"/>
        <line num="120" type="stmt" count="2"/>
        <line num="121" type="stmt" count="2"/>
        <line num="122" type="stmt" count="2"/>
        <line num="124" type="stmt" count="2"/>
        <line num="125" type="stmt" count="2"/>
        <line num="126" type="stmt" count="1"/>
        <line num="128" type="stmt" count="2"/>
        <line num="129" type="stmt" count="0"/>
        <line num="130" type="stmt" count="0"/>
        <line num="132" type="stmt" count="0"/>
        <line num="133" type="stmt" count="0"/>
        <line num="134" type="stmt" count="0"/>
        <line num="135" type="stmt" count="0"/>
        <line num="136" type="stmt" count="0"/>
        <line num="137" type="stmt" count="0"/>
        <line num="138" type="stmt" count="0"/>
        <line num="139" type="stmt" count="0"/>
        <line num="140" type="stmt" count="0"/>
        <line num="142" type="stmt" count="0"/>
        <line num="143" type="stmt" count="0"/>
        <line num="144" type="stmt" count="0"/>
        <line num="146" type="stmt" count="0"/>
        <line num="147" type="stmt" count="0"/>
        <line num="148" type="stmt" count="0"/>
        <line num="151" type="stmt" count="0"/>
        <line num="152" type="stmt" count="0"/>
        <line num="153" type="stmt" count="0"/>
        <line num="154" type="stmt" count="0"/>
        <line num="155" type="stmt" count="0"/>
        <line num="159" type="stmt" count="2"/>
        <line num="171" type="method" name="getWord" crap="2" count="9"/>
        <line num="173" type="stmt" count="9"/>
        <line num="174" type="stmt" count="2"/>
        <line num="177" type="stmt" count="7"/>
        <line num="189" type="method" name="deleteWord" crap="2" count="2"/>
        <line num="191" type="stmt" count="2"/>
        <line num="192" type="stmt" count="1"/>
        <line num="195" type="stmt" count="1"/>
        <line num="197" type="stmt" count="1"/>
        <line num="209" type="method" name="getCount" crap="1" count="1"/>
        <line num="211" type="stmt" count="1"/>
        <line num="219" type="method" name="isEmpty" crap="1" count="5"/>
        <line num="221" type="stmt" count="5"/>
        <metrics loc="223" ncloc="131" classes="1" methods="9" coveredmethods="8" conditionals="0" coveredconditionals="0" statements="68" coveredstatements="45" elements="77" coveredelements="53"/>
      </file>
      <file name="/Users/bendozy/Desktop/UrbanDictionary/src/WordsRankManager.php">
        <class name="WordsRankManager" namespace="Pyjac\UrbanDictionary">
          <metrics methods="8" coveredmethods="8" conditionals="0" coveredconditionals="0" statements="35" coveredstatements="35" elements="43" coveredelements="43"/>
        </class>
        <line num="7" type="stmt" count="1"/>
        <line num="8" type="stmt" count="1"/>
        <line num="38" type="method" name="__construct" crap="3" count="7"/>
        <line num="40" type="stmt" count="7"/>
        <line num="41" type="stmt" count="1"/>
        <line num="44" type="stmt" count="7"/>
        <line num="45" type="stmt" count="7"/>
        <line num="46" type="stmt" count="7"/>
        <line num="47" type="stmt" count="7"/>
        <line num="54" type="method" name="computeWordsRank" crap="2" count="7"/>
        <line num="56" type="stmt" count="7"/>
        <line num="57" type="stmt" count="7"/>
        <line num="58" type="stmt" count="7"/>
        <line num="59" type="stmt" count="7"/>
        <line num="60" type="stmt" count="7"/>
        <line num="61" type="stmt" count="7"/>
        <line num="63" type="stmt" count="3"/>
        <line num="64" type="stmt" count="3"/>
        <line num="65" type="stmt" count="3"/>
        <line num="66" type="stmt" count="3"/>
        <line num="67" type="stmt" count="3"/>
        <line num="68" type="stmt" count="3"/>
        <line num="69" type="stmt" count="3"/>
        <line num="70" type="stmt" count="3"/>
        <line num="72" type="stmt" count="7"/>
        <line num="81" type="method" name="getSentence" crap="1" count="1"/>
        <line num="83" type="stmt" count="1"/>
        <line num="91" type="method" name="setMode" crap="2" count="1"/>
        <line num="93" type="stmt" count="1"/>
        <line num="94" type="stmt" count="1"/>
        <line num="95" type="stmt" count="1"/>
        <line num="96" type="stmt" count="1"/>
        <line num="97" type="stmt" count="1"/>
        <line num="104" type="method" name="getMode" crap="1" count="7"/>
        <line num="106" type="stmt" count="7"/>
        <line num="116" type="method" name="getWordRank" crap="2" count="4"/>
        <line num="118" type="stmt" count="4"/>
        <line num="119" type="stmt" count="1"/>
        <line num="122" type="stmt" count="3"/>
        <line num="130" type="method" name="getWordsRank" crap="1" count="1"/>
        <line num="132" type="stmt" count="1"/>
        <line num="140" type="method" name="wordExist" crap="3" count="4"/>
        <line num="142" type="stmt" count="4"/>
        <line num="143" type="stmt" count="2"/>
        <line num="145" type="stmt" count="3"/>
        <metrics loc="148" ncloc="89" classes="1" methods="8" coveredmethods="8" conditionals="0" coveredconditionals="0" statements="37" coveredstatements="37" elements="45" coveredelements="45"/>
      </file>
    </package>
    <package name="Pyjac\UrbanDictionary\Exception">
      <file name="/Users/bendozy/Desktop/UrbanDictionary/src/exception/UrbanWordAlreadyExistException.php">
        <class name="UrbanWordAlreadyExistException" namespace="Pyjac\UrbanDictionary\Exception">
          <metrics methods="1" coveredmethods="0" conditionals="0" coveredconditionals="0" statements="3" coveredstatements="0" elements="4" coveredelements="0"/>
        </class>
        <line num="7" type="method" name="__construct" crap="2" count="0"/>
        <line num="8" type="stmt" count="0"/>
        <line num="9" type="stmt" count="0"/>
        <line num="10" type="stmt" count="0"/>
        <metrics loc="11" ncloc="11" classes="1" methods="1" coveredmethods="0" conditionals="0" coveredconditionals="0" statements="3" coveredstatements="0" elements="4" coveredelements="0"/>
      </file>
      <file name="/Users/bendozy/Desktop/UrbanDictionary/src/exception/UrbanWordDoesNotExistException.php">
        <class name="UrbanWordDoesNotExistException" namespace="Pyjac\UrbanDictionary\Exception">
          <metrics methods="1" coveredmethods="0" conditionals="0" coveredconditionals="0" statements="3" coveredstatements="0" elements="4" coveredelements="0"/>
        </class>
        <line num="7" type="method" name="__construct" crap="2" count="0"/>
        <line num="8" type="stmt" count="0"/>
        <line num="9" type="stmt" count="0"/>
        <line num="10" type="stmt" count="0"/>
        <metrics loc="11" ncloc="11" classes="1" methods="1" coveredmethods="0" conditionals="0" coveredconditionals="0" statements="3" coveredstatements="0" elements="4" coveredelements="0"/>
      </file>
      <file name="/Users/bendozy/Desktop/UrbanDictionary/src/exception/WordDoesNotExistException.php">
        <class name="WordDoesNotExistException" namespace="Pyjac\UrbanDictionary\Exception">
          <metrics methods="1" coveredmethods="0" conditionals="0" coveredconditionals="0" statements="3" coveredstatements="0" elements="4" coveredelements="0"/>
        </class>
        <line num="7" type="method" name="__construct" crap="2" count="0"/>
        <line num="8" type="stmt" count="0"/>
        <line num="9" type="stmt" count="0"/>
        <line num="10" type="stmt" count="0"/>
        <metrics loc="11" ncloc="11" classes="1" methods="1" coveredmethods="0" conditionals="0" coveredconditionals="0" statements="3" coveredstatements="0" elements="4" coveredelements="0"/>
      </file>
    </package>
    <metrics files="7" loc="566" ncloc="346" classes="7" methods="29" coveredmethods="25" conditionals="0" coveredconditionals="0" statements="135" coveredstatements="103" elements="164" coveredelements="128"/>
  </project>
</coverage>
