<?xml version="1.0" encoding="UTF-8"?>
<coverage generated="1454840280">
  <project timestamp="1454840280">
    <package name="Pyjac\UrbanDictionary">
      <file name="/Users/bendozy/Desktop/UrbanDictionary/src/UrbanDictionaryDataBank.php">
        <class name="UrbanDictionaryDataBank" namespace="Pyjac\UrbanDictionary">
          <metrics methods="0" coveredmethods="0" conditionals="0" coveredconditionals="0" statements="0" coveredstatements="0" elements="0" coveredelements="0"/>
        </class>
        <metrics loc="32" ncloc="27" classes="1" methods="0" coveredmethods="0" conditionals="0" coveredconditionals="0" statements="0" coveredstatements="0" elements="0" coveredelements="0"/>
      </file>
      <file name="/Users/bendozy/Desktop/UrbanDictionary/src/UrbanWord.php">
        <class name="UrbanWord" namespace="Pyjac\UrbanDictionary">
          <metrics methods="9" coveredmethods="9" conditionals="0" coveredconditionals="0" statements="24" coveredstatements="24" elements="33" coveredelements="33"/>
        </class>
        <line num="37" type="method" name="__construct" crap="4" count="35"/>
        <line num="39" type="stmt" count="35"/>
        <line num="40" type="stmt" count="29"/>
        <line num="41" type="stmt" count="29"/>
        <line num="42" type="stmt" count="29"/>
        <line num="43" type="stmt" count="29"/>
        <line num="44" type="stmt" count="6"/>
        <line num="47" type="stmt" count="29"/>
        <line num="54" type="method" name="getSlang" crap="1" count="16"/>
        <line num="56" type="stmt" count="16"/>
        <line num="64" type="method" name="setSlang" crap="1" count="2"/>
        <line num="66" type="stmt" count="2"/>
        <line num="67" type="stmt" count="2"/>
        <line num="74" type="method" name="getDescription" crap="1" count="2"/>
        <line num="76" type="stmt" count="2"/>
        <line num="84" type="method" name="setDescription" crap="1" count="2"/>
        <line num="86" type="stmt" count="2"/>
        <line num="87" type="stmt" count="2"/>
        <line num="94" type="method" name="getSampleSentence" crap="1" count="2"/>
        <line num="96" type="stmt" count="2"/>
        <line num="104" type="method" name="setSampleSentence" crap="1" count="2"/>
        <line num="106" type="stmt" count="2"/>
        <line num="107" type="stmt" count="2"/>
        <line num="116" type="method" name="equals" crap="4" count="2"/>
        <line num="118" type="stmt" count="2"/>
        <line num="119" type="stmt" count="2"/>
        <line num="120" type="stmt" count="2"/>
        <line num="121" type="stmt" count="2"/>
        <line num="129" type="method" name="toArray" crap="1" count="24"/>
        <line num="131" type="stmt" count="24"/>
        <line num="132" type="stmt" count="24"/>
        <line num="133" type="stmt" count="24"/>
        <line num="135" type="stmt" count="24"/>
        <metrics loc="137" ncloc="71" classes="1" methods="9" coveredmethods="9" conditionals="0" coveredconditionals="0" statements="24" coveredstatements="24" elements="33" coveredelements="33"/>
      </file>
      <file name="/Users/bendozy/Desktop/UrbanDictionary/src/UrbanWordsDictionary.php">
        <class name="UrbanWordsDictionary" namespace="Pyjac\UrbanDictionary">
          <metrics methods="13" coveredmethods="9" conditionals="0" coveredconditionals="0" statements="80" coveredstatements="62" elements="93" coveredelements="71"/>
        </class>
        <line num="32" type="method" name="__construct" crap="1" count="43"/>
        <line num="34" type="stmt" count="43"/>
        <line num="35" type="stmt" count="43"/>
        <line num="36" type="stmt" count="43"/>
        <line num="47" type="method" name="add" crap="1" count="23"/>
        <line num="49" type="stmt" count="23"/>
        <line num="50" type="stmt" count="23"/>
        <line num="52" type="stmt" count="23"/>
        <line num="62" type="method" name="urbanWordExist" crap="1" count="24"/>
        <line num="64" type="stmt" count="24"/>
        <line num="74" type="method" name="validateUrbanWordArrayKeys" crap="3" count="6"/>
        <line num="76" type="stmt" count="6"/>
        <line num="77" type="stmt" count="6"/>
        <line num="78" type="stmt" count="3"/>
        <line num="80" type="stmt" count="3"/>
        <line num="81" type="stmt" count="3"/>
        <line num="97" type="method" name="addWord" crap="13" count="41"/>
        <line num="101" type="stmt" count="41"/>
        <line num="102" type="stmt" count="6"/>
        <line num="103" type="stmt" count="3"/>
        <line num="105" type="stmt" count="3"/>
        <line num="106" type="stmt" count="3"/>
        <line num="107" type="stmt" count="38"/>
        <line num="108" type="stmt" count="13"/>
        <line num="109" type="stmt" count="13"/>
        <line num="110" type="stmt" count="35"/>
        <line num="111" type="stmt" count="22"/>
        <line num="112" type="stmt" count="7"/>
        <line num="113" type="stmt" count="7"/>
        <line num="114" type="stmt" count="7"/>
        <line num="115" type="stmt" count="15"/>
        <line num="118" type="stmt" count="23"/>
        <line num="119" type="stmt" count="6"/>
        <line num="122" type="stmt" count="23"/>
        <line num="135" type="method" name="updateWordSlang" crap="3.01" count="3"/>
        <line num="137" type="stmt" count="3"/>
        <line num="138" type="stmt" count="2"/>
        <line num="139" type="stmt" count="0"/>
        <line num="141" type="stmt" count="2"/>
        <line num="142" type="stmt" count="2"/>
        <line num="143" type="stmt" count="2"/>
        <line num="145" type="stmt" count="2"/>
        <line num="146" type="stmt" count="2"/>
        <line num="147" type="stmt" count="1"/>
        <line num="149" type="stmt" count="2"/>
        <line num="162" type="method" name="updateWordObject" crap="3.02" count="1"/>
        <line num="164" type="stmt" count="1"/>
        <line num="165" type="stmt" count="0"/>
        <line num="167" type="stmt" count="1"/>
        <line num="168" type="stmt" count="1"/>
        <line num="169" type="stmt" count="1"/>
        <line num="170" type="stmt" count="1"/>
        <line num="171" type="stmt" count="1"/>
        <line num="173" type="stmt" count="1"/>
        <line num="186" type="method" name="updateWordArray" crap="30" count="0"/>
        <line num="188" type="stmt" count="0"/>
        <line num="189" type="stmt" count="0"/>
        <line num="190" type="stmt" count="0"/>
        <line num="192" type="stmt" count="0"/>
        <line num="193" type="stmt" count="0"/>
        <line num="194" type="stmt" count="0"/>
        <line num="196" type="stmt" count="0"/>
        <line num="197" type="stmt" count="0"/>
        <line num="198" type="stmt" count="0"/>
        <line num="201" type="stmt" count="0"/>
        <line num="202" type="stmt" count="0"/>
        <line num="203" type="stmt" count="0"/>
        <line num="204" type="stmt" count="0"/>
        <line num="218" type="method" name="updateWord" crap="5.51" count="8"/>
        <line num="220" type="stmt" count="8"/>
        <line num="221" type="stmt" count="4"/>
        <line num="224" type="stmt" count="4"/>
        <line num="225" type="stmt" count="3"/>
        <line num="226" type="stmt" count="3"/>
        <line num="227" type="stmt" count="1"/>
        <line num="228" type="stmt" count="1"/>
        <line num="229" type="stmt" count="0"/>
        <line num="230" type="stmt" count="0"/>
        <line num="231" type="stmt" count="0"/>
        <line num="234" type="stmt" count="3"/>
        <line num="246" type="method" name="getWord" crap="2" count="10"/>
        <line num="248" type="stmt" count="10"/>
        <line num="249" type="stmt" count="2"/>
        <line num="252" type="stmt" count="8"/>
        <line num="264" type="method" name="deleteWord" crap="2" count="2"/>
        <line num="266" type="stmt" count="2"/>
        <line num="267" type="stmt" count="1"/>
        <line num="270" type="stmt" count="1"/>
        <line num="272" type="stmt" count="1"/>
        <line num="282" type="method" name="getCount" crap="1" count="1"/>
        <line num="284" type="stmt" count="1"/>
        <line num="292" type="method" name="isEmpty" crap="1" count="5"/>
        <line num="294" type="stmt" count="5"/>
        <metrics loc="296" ncloc="164" classes="1" methods="13" coveredmethods="9" conditionals="0" coveredconditionals="0" statements="80" coveredstatements="62" elements="93" coveredelements="71"/>
      </file>
      <file name="/Users/bendozy/Desktop/UrbanDictionary/src/WordsRankManager.php">
        <class name="WordsRankManager" namespace="Pyjac\UrbanDictionary">
          <metrics methods="8" coveredmethods="8" conditionals="0" coveredconditionals="0" statements="35" coveredstatements="35" elements="43" coveredelements="43"/>
        </class>
        <line num="7" type="stmt" count="1"/>
        <line num="8" type="stmt" count="1"/>
        <line num="38" type="method" name="__construct" crap="3" count="7"/>
        <line num="40" type="stmt" count="7"/>
        <line num="41" type="stmt" count="1"/>
        <line num="44" type="stmt" count="7"/>
        <line num="45" type="stmt" count="7"/>
        <line num="46" type="stmt" count="7"/>
        <line num="47" type="stmt" count="7"/>
        <line num="54" type="method" name="computeWordsRank" crap="2" count="7"/>
        <line num="56" type="stmt" count="7"/>
        <line num="57" type="stmt" count="7"/>
        <line num="58" type="stmt" count="7"/>
        <line num="59" type="stmt" count="7"/>
        <line num="60" type="stmt" count="7"/>
        <line num="61" type="stmt" count="7"/>
        <line num="63" type="stmt" count="3"/>
        <line num="64" type="stmt" count="3"/>
        <line num="65" type="stmt" count="3"/>
        <line num="66" type="stmt" count="3"/>
        <line num="67" type="stmt" count="3"/>
        <line num="68" type="stmt" count="3"/>
        <line num="69" type="stmt" count="3"/>
        <line num="70" type="stmt" count="3"/>
        <line num="72" type="stmt" count="7"/>
        <line num="81" type="method" name="getSentence" crap="1" count="1"/>
        <line num="83" type="stmt" count="1"/>
        <line num="91" type="method" name="setMode" crap="2" count="1"/>
        <line num="93" type="stmt" count="1"/>
        <line num="94" type="stmt" count="1"/>
        <line num="95" type="stmt" count="1"/>
        <line num="96" type="stmt" count="1"/>
        <line num="97" type="stmt" count="1"/>
        <line num="104" type="method" name="getMode" crap="1" count="7"/>
        <line num="106" type="stmt" count="7"/>
        <line num="116" type="method" name="getWordRank" crap="2" count="4"/>
        <line num="118" type="stmt" count="4"/>
        <line num="119" type="stmt" count="1"/>
        <line num="122" type="stmt" count="3"/>
        <line num="130" type="method" name="getWordsRank" crap="1" count="1"/>
        <line num="132" type="stmt" count="1"/>
        <line num="140" type="method" name="wordExist" crap="3" count="4"/>
        <line num="142" type="stmt" count="4"/>
        <line num="143" type="stmt" count="2"/>
        <line num="145" type="stmt" count="3"/>
        <metrics loc="148" ncloc="89" classes="1" methods="8" coveredmethods="8" conditionals="0" coveredconditionals="0" statements="37" coveredstatements="37" elements="45" coveredelements="45"/>
      </file>
    </package>
    <package name="Pyjac\UrbanDictionary\Exception">
      <file name="/Users/bendozy/Desktop/UrbanDictionary/src/exception/UrbanWordAlreadyExistException.php">
        <class name="UrbanWordAlreadyExistException" namespace="Pyjac\UrbanDictionary\Exception">
          <metrics methods="1" coveredmethods="0" conditionals="0" coveredconditionals="0" statements="3" coveredstatements="0" elements="4" coveredelements="0"/>
        </class>
        <line num="7" type="method" name="__construct" crap="2" count="0"/>
        <line num="8" type="stmt" count="0"/>
        <line num="9" type="stmt" count="0"/>
        <line num="10" type="stmt" count="0"/>
        <metrics loc="11" ncloc="11" classes="1" methods="1" coveredmethods="0" conditionals="0" coveredconditionals="0" statements="3" coveredstatements="0" elements="4" coveredelements="0"/>
      </file>
      <file name="/Users/bendozy/Desktop/UrbanDictionary/src/exception/UrbanWordDoesNotExistException.php">
        <class name="UrbanWordDoesNotExistException" namespace="Pyjac\UrbanDictionary\Exception">
          <metrics methods="1" coveredmethods="0" conditionals="0" coveredconditionals="0" statements="3" coveredstatements="0" elements="4" coveredelements="0"/>
        </class>
        <line num="7" type="method" name="__construct" crap="2" count="0"/>
        <line num="8" type="stmt" count="0"/>
        <line num="9" type="stmt" count="0"/>
        <line num="10" type="stmt" count="0"/>
        <metrics loc="11" ncloc="11" classes="1" methods="1" coveredmethods="0" conditionals="0" coveredconditionals="0" statements="3" coveredstatements="0" elements="4" coveredelements="0"/>
      </file>
      <file name="/Users/bendozy/Desktop/UrbanDictionary/src/exception/WordDoesNotExistException.php">
        <class name="WordDoesNotExistException" namespace="Pyjac\UrbanDictionary\Exception">
          <metrics methods="1" coveredmethods="0" conditionals="0" coveredconditionals="0" statements="3" coveredstatements="0" elements="4" coveredelements="0"/>
        </class>
        <line num="7" type="method" name="__construct" crap="2" count="0"/>
        <line num="8" type="stmt" count="0"/>
        <line num="9" type="stmt" count="0"/>
        <line num="10" type="stmt" count="0"/>
        <metrics loc="11" ncloc="11" classes="1" methods="1" coveredmethods="0" conditionals="0" coveredconditionals="0" statements="3" coveredstatements="0" elements="4" coveredelements="0"/>
      </file>
    </package>
    <metrics files="7" loc="646" ncloc="384" classes="7" methods="33" coveredmethods="26" conditionals="0" coveredconditionals="0" statements="150" coveredstatements="123" elements="183" coveredelements="149"/>
  </project>
</coverage>
